<?xml version="1.0" encoding="UTF-8"?>
<!-- Generated by org.testng.reporters.JUnitReportReporter -->
<testsuite skipped="0" hostname="LP-5CD6518TWJ" name="com.searchmodule.test.SearchTest" tests="2" failures="0" timestamp="29 Dec 2020 06:00:07 GMT" time="126.539" errors="0">
  <testcase name="search" time="61.758" classname="com.searchmodule.test.SearchTest"/>
  <testcase name="search" time="64.781" classname="com.searchmodule.test.SearchTest"/>
</testsuite> <!-- com.searchmodule.test.SearchTest -->
